2025-07-12 02:26:35,173 - INFO - 🚀 Google News 수집 시작
2025-07-12 02:26:35,204 - INFO - 📋 수집 키워드: ['방위산업', '신재생에너지', '보험중개']
2025-07-12 02:26:35,255 - INFO - 📰 방위산업 카테고리 뉴스 수집 시작
2025-07-12 02:26:35,291 - INFO - 🔍 키워드 '방위산업' 검색 중...
2025-07-12 02:26:38,890 - INFO - ✅ '방위산업' 키워드: 3건 수집 완료
2025-07-12 02:26:38,891 - INFO - 🔍 키워드 '국방' 검색 중...
2025-07-12 02:26:41,412 - INFO - ✅ '국방' 키워드: 3건 수집 완료
2025-07-12 02:26:41,425 - INFO - 🔍 키워드 'K-방산' 검색 중...
2025-07-12 02:26:43,730 - INFO - ✅ 'K-방산' 키워드: 3건 수집 완료
2025-07-12 02:26:43,731 - INFO - 🔍 키워드 '군수산업' 검색 중...
2025-07-12 02:26:45,759 - INFO - ✅ '군수산업' 키워드: 3건 수집 완료
2025-07-12 02:26:45,777 - INFO - 📰 신재생에너지 카테고리 뉴스 수집 시작
2025-07-12 02:26:45,782 - INFO - 🔍 키워드 '신재생에너지' 검색 중...
2025-07-12 02:26:47,941 - INFO - ✅ '신재생에너지' 키워드: 3건 수집 완료
2025-07-12 02:26:47,942 - INFO - 🔍 키워드 '태양광' 검색 중...
2025-07-12 02:26:50,349 - INFO - ✅ '태양광' 키워드: 3건 수집 완료
2025-07-12 02:26:50,365 - INFO - 🔍 키워드 '풍력' 검색 중...
2025-07-12 02:26:52,654 - INFO - ✅ '풍력' 키워드: 3건 수집 완료
2025-07-12 02:26:52,655 - INFO - 🔍 키워드 'ESS' 검색 중...
2025-07-12 02:26:54,364 - INFO - ✅ 'ESS' 키워드: 3건 수집 완료
2025-07-12 02:26:54,367 - INFO - 📰 보험중개 카테고리 뉴스 수집 시작
2025-07-12 02:26:54,369 - INFO - 🔍 키워드 '보험중개' 검색 중...
2025-07-12 02:26:56,252 - INFO - ✅ '보험중개' 키워드: 3건 수집 완료
2025-07-12 02:26:56,255 - INFO - 🔍 키워드 '보험대리점' 검색 중...
2025-07-12 02:26:58,229 - INFO - ✅ '보험대리점' 키워드: 3건 수집 완료
2025-07-12 02:26:58,230 - INFO - 🔍 키워드 '보험영업' 검색 중...
2025-07-12 02:27:00,209 - INFO - ✅ '보험영업' 키워드: 3건 수집 완료
2025-07-12 02:27:00,211 - INFO - 🔍 키워드 '보험상품' 검색 중...
2025-07-12 02:27:02,185 - INFO - ✅ '보험상품' 키워드: 3건 수집 완료
2025-07-12 02:27:02,191 - INFO - 🎉 전체 수집 완료: 총 36건
2025-07-12 02:27:02,194 - INFO - 📄 기존 뉴스 6건 로드 완료
2025-07-12 02:27:02,195 - INFO - ✨ 중복 제거 후: 36건
2025-07-12 02:27:02,274 - INFO - 💾 news_data.json에 42건 저장 완료
2025-07-12 02:27:02,275 - INFO - 🎯 성공: 새 뉴스 36건 추가
2025-07-12 02:27:02,276 - INFO - 📊 전체 뉴스: 42건
2025-07-12 02:32:58,622 - INFO - 🚀 Google News 수집 시작
2025-07-12 02:32:58,649 - INFO - 📋 수집 키워드: ['방위산업', '신재생에너지', '보험중개']
2025-07-12 02:32:58,651 - INFO - 📰 방위산업 카테고리 뉴스 수집 시작
2025-07-12 02:32:58,652 - INFO - 🔍 키워드 '방위산업' 검색 중...
2025-07-12 02:33:01,260 - INFO - ✅ '방위산업' 키워드: 3건 수집 완료
2025-07-12 02:33:01,263 - INFO - 🔍 키워드 '국방' 검색 중...
2025-07-12 02:33:03,717 - INFO - ✅ '국방' 키워드: 3건 수집 완료
2025-07-12 02:33:03,717 - INFO - 🔍 키워드 'K-방산' 검색 중...
2025-07-12 02:33:05,476 - INFO - ✅ 'K-방산' 키워드: 3건 수집 완료
2025-07-12 02:33:05,477 - INFO - 🔍 키워드 '군수산업' 검색 중...
2025-07-12 02:33:07,673 - INFO - ✅ '군수산업' 키워드: 3건 수집 완료
2025-07-12 02:33:07,673 - INFO - 📰 신재생에너지 카테고리 뉴스 수집 시작
2025-07-12 02:33:07,674 - INFO - 🔍 키워드 '신재생에너지' 검색 중...
2025-07-12 02:33:09,561 - INFO - ✅ '신재생에너지' 키워드: 3건 수집 완료
2025-07-12 02:33:09,562 - INFO - 🔍 키워드 '태양광' 검색 중...
2025-07-12 02:33:11,402 - INFO - ✅ '태양광' 키워드: 3건 수집 완료
2025-07-12 02:33:11,402 - INFO - 🔍 키워드 '풍력' 검색 중...
2025-07-12 02:33:13,820 - INFO - ✅ '풍력' 키워드: 3건 수집 완료
2025-07-12 02:33:13,820 - INFO - 🔍 키워드 'ESS' 검색 중...
2025-07-12 02:33:16,456 - INFO - ✅ 'ESS' 키워드: 3건 수집 완료
2025-07-12 02:33:16,457 - INFO - 📰 보험중개 카테고리 뉴스 수집 시작
2025-07-12 02:33:16,457 - INFO - 🔍 키워드 '보험중개' 검색 중...
2025-07-12 02:33:18,788 - INFO - ✅ '보험중개' 키워드: 3건 수집 완료
2025-07-12 02:33:18,789 - INFO - 🔍 키워드 '보험대리점' 검색 중...
2025-07-12 02:33:26,002 - INFO - ✅ '보험대리점' 키워드: 3건 수집 완료
2025-07-12 02:33:26,009 - INFO - 🔍 키워드 '보험영업' 검색 중...
2025-07-12 02:33:28,226 - INFO - ✅ '보험영업' 키워드: 3건 수집 완료
2025-07-12 02:33:28,227 - INFO - 🔍 키워드 '보험상품' 검색 중...
2025-07-12 02:33:30,472 - INFO - ✅ '보험상품' 키워드: 3건 수집 완료
2025-07-12 02:33:30,472 - INFO - 🎉 전체 수집 완료: 총 36건
2025-07-12 02:33:30,495 - INFO - 📄 기존 뉴스 42건 로드 완료
2025-07-12 02:33:30,496 - INFO - 🔄 중복 제거: 방위산업의 날 토론회 - 사진 | 멀티미디어 - 대한민국 정책브리핑
2025-07-12 02:33:30,496 - INFO - 🔄 중복 제거: [게시판] 방사청, 방위산업 혁신기업 투자설명회 - 연합뉴스
2025-07-12 02:33:30,496 - INFO - 🔄 중복 제거: ‘방위산업의 날’ 시민 페스티벌…블랙이글스 서울 상공에서 10∼12일 에어쇼 연습 - KBS 뉴스
2025-07-12 02:33:30,497 - INFO - 🔄 중복 제거: '尹격노설' 조준한 해병특검, 신범철 전 국방차관도 압수수색 - 연합뉴스
2025-07-12 02:33:30,498 - INFO - 🔄 중복 제거: 트럼프 승인 없이 우크라 무기지원 중단… 우방을 흔드는 美국방정책 ‘일방통행 맨’[지금, 이 사람] - 동아일보
2025-07-12 02:33:30,499 - INFO - 🔄 중복 제거: 민관군이 첨단기술로 함께 그리는 국방 장비관리의 미래 - 서울Pn
2025-07-12 02:33:30,499 - INFO - 🔄 중복 제거: [단독] "잠수함 수출 위해 G7 갔다"…K방산 세일즈맨 자처한 李 - 중앙일보
2025-07-12 02:33:30,500 - INFO - 🔄 중복 제거: 우리곁의 K-방산템 'FA-50' - 전체 | 카드/한컷 | 멀티미디어 - 대한민국 정책브리핑
2025-07-12 02:33:30,500 - INFO - 🔄 중복 제거: 김종일 삼양컴텍 대표, K방산 리더십 공로로 '동탑산업훈장' 영예 - 한국경제
2025-07-12 02:33:30,500 - INFO - 🔄 중복 제거: 조선·방산으로 산업화 열망 …"한국과 남미 군수 생산거점 만들길 원해" - 머니투데이
2025-07-12 02:33:30,501 - INFO - 🔄 중복 제거: [기자회견] 새 정부는 ‘방위산업의 날’ 폐지하고 평화정책으로 전환하라 - 참여연대
2025-07-12 02:33:30,502 - INFO - 🔄 중복 제거: 우크라, 전쟁 3년만에 군수산업 35배 팽창…무기 40% 자체 조달 - 연합뉴스
2025-07-12 02:33:30,502 - INFO - 🔄 중복 제거: 100% 신재생에너지 산단 만든다…李 "규제 제로" 검토 지시 - 중앙일보
2025-07-12 02:33:30,503 - INFO - 🔄 중복 제거: “추자해상풍력, 제주 본섬 신재생에너지 확대 계획에 부정적 영향” - 제주의소리
2025-07-12 02:33:30,503 - INFO - 🔄 중복 제거: [특징주] ‘RE100’ 시동거나… 신재생에너지株 강세 - Chosunbiz
2025-07-12 02:33:30,503 - INFO - 🔄 중복 제거: 7월 초순에 역대 4번째 최대전력피크…태양광에 구름끼면 블랙아웃 올 수도 - 에너지경제신문
2025-07-12 02:33:30,504 - INFO - 🔄 중복 제거: 정책 수혜 기대에 태양광 관련주 '들썩'…OCI홀딩스 14%↑ - 마켓인
2025-07-12 02:33:30,504 - INFO - 🔄 중복 제거: 경북도, 600㎿ 규모 영농형 태양광발전 단지 조성 - 뉴스1
2025-07-12 02:33:30,505 - INFO - 🔄 중복 제거: 트럼프가 막아도 구글이 산다…TSMC 위해 해상풍력 늘리는 대만 - 머니투데이
2025-07-12 02:33:30,505 - INFO - 🔄 중복 제거: 한전-한국해상풍력, ‘서남해 400MW 시범단지’ 성공 추진 위한 기술협력 - 전기신문
2025-07-12 02:33:30,505 - INFO - 🔄 중복 제거: 한전기술, 제주한림해상풍력 준공 후 현장 점검 - 네이트
2025-07-12 02:33:30,506 - INFO - 🔄 중복 제거: ‘윤곽 드러난 ESS 중앙계약시장’…韓 배터리 3사 경쟁 구도로 - 전기신문
2025-07-12 02:33:30,506 - INFO - 🔄 중복 제거: SK온, 북미 ESS용 LFP 배터리에 엘앤에프 양극재 쓴다 - 지디넷코리아
2025-07-12 02:33:30,506 - INFO - 🔄 중복 제거: SK온, '북미 ESS용 LFP 배터리' 사업 본격화 - 네이트
2025-07-12 02:33:30,507 - INFO - 🔄 중복 제거: 보험중개사, 어디로, 어떻게 가야 하나? - 한국공제보험신문
2025-07-12 02:33:30,509 - INFO - 🔄 중복 제거: “보험중개사 통해 일반보험 활성화해야”…보험학회, 보험중개제도 보완점 논의 - 청년일보
2025-07-12 02:33:30,509 - INFO - 🔄 중복 제거: LK보험중개, ‘A&G코리아보험중개’ 인수 - 해양한국
2025-07-12 02:33:30,511 - INFO - 🔄 중복 제거: 디지털 마케팅 기업 '쇼엠', 보험 대리점 영역 확장 나서 - 네이트
2025-07-12 02:33:30,511 - INFO - 🔄 중복 제거: 보험판매전문회사 첫발...GA설계사 자격시험 도입 추진 - 파이낸셜투데이
2025-07-12 02:33:30,511 - INFO - 🔄 중복 제거: 인카금융서비스, 독립 보험대리점 (GA) 브랜드평판 2025년 7월...1위 - 비욘드포스트
2025-07-12 02:33:30,512 - INFO - 🔄 중복 제거: [금융人사이드]'N잡러' 보험설계사에 도전하세요...'원더'가 도와줘요 - 아시아경제
2025-07-12 02:33:30,512 - INFO - 🔄 중복 제거: 삼성 턱밑까지 치고 온 한화…불붙은 생보사 '설계사 유치' 경쟁 - 전자신문
2025-07-12 02:33:30,513 - INFO - 🔄 중복 제거: 보험硏 "생명·손해·GA '통합 상호협정' 도입해 영업질서 확립해야" - 연합인포맥스
2025-07-12 02:33:30,513 - INFO - 🔄 중복 제거: [게시판] 롯데손보, 이륜차 '대물 최대 1억원' 시간제 보험 출시 - 연합뉴스
2025-07-12 02:33:30,514 - INFO - 🔄 중복 제거: 와이즈엔컨설팅, KB라이프에 보험상품 기초서류 통합 관리 시스템 공급 - 뉴스와이어
2025-07-12 02:33:30,514 - INFO - 🔄 중복 제거: 롯데손해보험 쿠팡이츠와 제휴, 배달파트너 대상 '고보장 시간제 보험' 출시 - 비즈니스포스트
2025-07-12 02:33:30,514 - INFO - ✨ 중복 제거 후: 0건
2025-07-12 02:33:30,515 - INFO - ℹ️ 새로운 뉴스가 없습니다. (모두 중복)
2025-07-12 02:38:35,377 - INFO - 🚀 Google News 수집 시작
2025-07-12 02:38:35,388 - INFO - 📋 수집 키워드: ['방위산업', '신재생에너지', '보험중개']
2025-07-12 02:38:35,389 - INFO - 📰 방위산업 카테고리 뉴스 수집 시작
2025-07-12 02:38:35,390 - INFO - 🔍 키워드 '방위산업' 검색 중...
2025-07-12 02:38:37,888 - INFO - ✅ '방위산업' 키워드: 3건 수집 완료
2025-07-12 02:38:37,889 - INFO - 🔍 키워드 '국방' 검색 중...
2025-07-12 02:38:40,680 - INFO - ✅ '국방' 키워드: 3건 수집 완료
2025-07-12 02:38:40,681 - INFO - 🔍 키워드 'K-방산' 검색 중...
2025-07-12 02:38:42,666 - INFO - ✅ 'K-방산' 키워드: 3건 수집 완료
2025-07-12 02:38:42,667 - INFO - 🔍 키워드 '군수산업' 검색 중...
2025-07-12 02:38:45,183 - INFO - ✅ '군수산업' 키워드: 3건 수집 완료
2025-07-12 02:38:45,183 - INFO - 📰 신재생에너지 카테고리 뉴스 수집 시작
2025-07-12 02:38:45,184 - INFO - 🔍 키워드 '신재생에너지' 검색 중...
2025-07-12 02:38:46,889 - INFO - ✅ '신재생에너지' 키워드: 3건 수집 완료
2025-07-12 02:38:46,889 - INFO - 🔍 키워드 '태양광' 검색 중...
2025-07-12 02:38:49,789 - INFO - ✅ '태양광' 키워드: 3건 수집 완료
2025-07-12 02:38:49,790 - INFO - 🔍 키워드 '풍력' 검색 중...
2025-07-12 02:38:53,440 - INFO - ✅ '풍력' 키워드: 3건 수집 완료
2025-07-12 02:38:53,441 - INFO - 🔍 키워드 'ESS' 검색 중...
2025-07-12 02:38:56,801 - INFO - ✅ 'ESS' 키워드: 3건 수집 완료
2025-07-12 02:38:56,802 - INFO - 📰 보험중개 카테고리 뉴스 수집 시작
2025-07-12 02:38:56,802 - INFO - 🔍 키워드 '보험중개' 검색 중...
2025-07-12 02:38:58,590 - INFO - ✅ '보험중개' 키워드: 3건 수집 완료
2025-07-12 02:38:58,590 - INFO - 🔍 키워드 '보험대리점' 검색 중...
2025-07-12 02:39:00,008 - INFO - ✅ '보험대리점' 키워드: 3건 수집 완료
2025-07-12 02:39:00,009 - INFO - 🔍 키워드 '보험영업' 검색 중...
2025-07-12 02:39:02,934 - INFO - ✅ '보험영업' 키워드: 3건 수집 완료
2025-07-12 02:39:02,934 - INFO - 🔍 키워드 '보험상품' 검색 중...
2025-07-12 02:39:05,171 - INFO - ✅ '보험상품' 키워드: 3건 수집 완료
2025-07-12 02:39:05,171 - INFO - 🎉 전체 수집 완료: 총 36건
2025-07-12 02:39:05,211 - INFO - 📄 기존 뉴스 42건 로드 완료
2025-07-12 02:39:05,211 - INFO - 🔄 중복 제거: 방위산업의 날 토론회 - 사진 | 멀티미디어 - 대한민국 정책브리핑
2025-07-12 02:39:05,212 - INFO - 🔄 중복 제거: [게시판] 방사청, 방위산업 혁신기업 투자설명회 - 연합뉴스
2025-07-12 02:39:05,213 - INFO - 🔄 중복 제거: ‘방위산업의 날’ 시민 페스티벌…블랙이글스 서울 상공에서 10∼12일 에어쇼 연습 - KBS 뉴스
2025-07-12 02:39:05,215 - INFO - 🔄 중복 제거: '尹격노설' 조준한 해병특검, 신범철 전 국방차관도 압수수색 - 연합뉴스
2025-07-12 02:39:05,216 - INFO - 🔄 중복 제거: 트럼프 승인 없이 우크라 무기지원 중단… 우방을 흔드는 美국방정책 ‘일방통행 맨’[지금, 이 사람] - 동아일보
2025-07-12 02:39:05,230 - INFO - 🔄 중복 제거: 민관군이 첨단기술로 함께 그리는 국방 장비관리의 미래 - 서울Pn
2025-07-12 02:39:05,231 - INFO - 🔄 중복 제거: [단독] "잠수함 수출 위해 G7 갔다"…K방산 세일즈맨 자처한 李 - 중앙일보
2025-07-12 02:39:05,231 - INFO - 🔄 중복 제거: 우리곁의 K-방산템 'FA-50' - 전체 | 카드/한컷 | 멀티미디어 - 대한민국 정책브리핑
2025-07-12 02:39:05,232 - INFO - 🔄 중복 제거: 김종일 삼양컴텍 대표, K방산 리더십 공로로 '동탑산업훈장' 영예 - 한국경제
2025-07-12 02:39:05,232 - INFO - 🔄 중복 제거: 조선·방산으로 산업화 열망 …"한국과 남미 군수 생산거점 만들길 원해" - 머니투데이
2025-07-12 02:39:05,261 - INFO - 🔄 중복 제거: [기자회견] 새 정부는 ‘방위산업의 날’ 폐지하고 평화정책으로 전환하라 - 참여연대
2025-07-12 02:39:05,261 - INFO - 🔄 중복 제거: 우크라, 전쟁 3년만에 군수산업 35배 팽창…무기 40% 자체 조달 - 연합뉴스
2025-07-12 02:39:05,262 - INFO - 🔄 중복 제거: 100% 신재생에너지 산단 만든다…李 "규제 제로" 검토 지시 - 중앙일보
2025-07-12 02:39:05,262 - INFO - 🔄 중복 제거: “추자해상풍력, 제주 본섬 신재생에너지 확대 계획에 부정적 영향” - 제주의소리
2025-07-12 02:39:05,263 - INFO - 🔄 중복 제거: [특징주] ‘RE100’ 시동거나… 신재생에너지株 강세 - Chosunbiz
2025-07-12 02:39:05,270 - INFO - 🔄 중복 제거: 7월 초순에 역대 4번째 최대전력피크…태양광에 구름끼면 블랙아웃 올 수도 - 에너지경제신문
2025-07-12 02:39:05,271 - INFO - 🔄 중복 제거: 정책 수혜 기대에 태양광 관련주 '들썩'…OCI홀딩스 14%↑ - 마켓인
2025-07-12 02:39:05,271 - INFO - 🔄 중복 제거: 경북도, 600㎿ 규모 영농형 태양광발전 단지 조성 - 뉴스1
2025-07-12 02:39:05,272 - INFO - 🔄 중복 제거: 트럼프가 막아도 구글이 산다…TSMC 위해 해상풍력 늘리는 대만 - 머니투데이
2025-07-12 02:39:05,272 - INFO - 🔄 중복 제거: 한전-한국해상풍력, ‘서남해 400MW 시범단지’ 성공 추진 위한 기술협력 - 전기신문
2025-07-12 02:39:05,272 - INFO - 🔄 중복 제거: 한전기술, 제주한림해상풍력 준공 후 현장 점검 - 네이트
2025-07-12 02:39:05,273 - INFO - 🔄 중복 제거: ‘윤곽 드러난 ESS 중앙계약시장’…韓 배터리 3사 경쟁 구도로 - 전기신문
2025-07-12 02:39:05,274 - INFO - 🔄 중복 제거: SK온, 북미 ESS용 LFP 배터리에 엘앤에프 양극재 쓴다 - 지디넷코리아
2025-07-12 02:39:05,277 - INFO - 🔄 중복 제거: SK온, '북미 ESS용 LFP 배터리' 사업 본격화 - 네이트
2025-07-12 02:39:05,277 - INFO - 🔄 중복 제거: 보험중개사, 어디로, 어떻게 가야 하나? - 한국공제보험신문
2025-07-12 02:39:05,278 - INFO - 🔄 중복 제거: “보험중개사 통해 일반보험 활성화해야”…보험학회, 보험중개제도 보완점 논의 - 청년일보
2025-07-12 02:39:05,279 - INFO - 🔄 중복 제거: LK보험중개, ‘A&G코리아보험중개’ 인수 - 해양한국
2025-07-12 02:39:05,279 - INFO - 🔄 중복 제거: 디지털 마케팅 기업 '쇼엠', 보험 대리점 영역 확장 나서 - 네이트
2025-07-12 02:39:05,280 - INFO - 🔄 중복 제거: 보험판매전문회사 첫발...GA설계사 자격시험 도입 추진 - 파이낸셜투데이
2025-07-12 02:39:05,280 - INFO - 🔄 중복 제거: 인카금융서비스, 독립 보험대리점 (GA) 브랜드평판 2025년 7월...1위 - 비욘드포스트
2025-07-12 02:39:05,280 - INFO - 🔄 중복 제거: [금융人사이드]'N잡러' 보험설계사에 도전하세요...'원더'가 도와줘요 - 아시아경제
2025-07-12 02:39:05,281 - INFO - 🔄 중복 제거: 삼성 턱밑까지 치고 온 한화…불붙은 생보사 '설계사 유치' 경쟁 - 전자신문
2025-07-12 02:39:05,281 - INFO - 🔄 중복 제거: 보험硏 "생명·손해·GA '통합 상호협정' 도입해 영업질서 확립해야" - 연합인포맥스
2025-07-12 02:39:05,282 - INFO - 🔄 중복 제거: [게시판] 롯데손보, 이륜차 '대물 최대 1억원' 시간제 보험 출시 - 연합뉴스
2025-07-12 02:39:05,282 - INFO - 🔄 중복 제거: 와이즈엔컨설팅, KB라이프에 보험상품 기초서류 통합 관리 시스템 공급 - 뉴스와이어
2025-07-12 02:39:05,283 - INFO - 🔄 중복 제거: 롯데손해보험 쿠팡이츠와 제휴, 배달파트너 대상 '고보장 시간제 보험' 출시 - 비즈니스포스트
2025-07-12 02:39:05,283 - INFO - ✨ 중복 제거 후: 0건
2025-07-12 02:39:05,284 - INFO - ℹ️ 새로운 뉴스가 없습니다. (모두 중복)
2025-07-12 02:40:22,284 - INFO - 🚀 Google News 수집 시작
2025-07-12 02:40:22,293 - INFO - 📋 수집 키워드: ['방위산업', '신재생에너지', '보험중개']
2025-07-12 02:40:22,293 - INFO - 📰 방위산업 카테고리 뉴스 수집 시작
2025-07-12 02:40:22,294 - INFO - 🔍 키워드 '방위산업' 검색 중...
2025-07-12 02:40:24,317 - INFO - ✅ '방위산업' 키워드: 3건 수집 완료
2025-07-12 02:40:24,318 - INFO - 🔍 키워드 '국방' 검색 중...
2025-07-12 02:40:25,335 - INFO - ✅ '국방' 키워드: 3건 수집 완료
2025-07-12 02:40:25,335 - INFO - 🔍 키워드 'K-방산' 검색 중...
2025-07-12 02:40:26,567 - INFO - ✅ 'K-방산' 키워드: 3건 수집 완료
2025-07-12 02:40:26,568 - INFO - 🔍 키워드 '군수산업' 검색 중...
2025-07-12 02:40:28,835 - INFO - ✅ '군수산업' 키워드: 3건 수집 완료
2025-07-12 02:40:28,836 - INFO - 📰 신재생에너지 카테고리 뉴스 수집 시작
2025-07-12 02:40:28,837 - INFO - 🔍 키워드 '신재생에너지' 검색 중...
2025-07-12 02:40:32,194 - INFO - ✅ '신재생에너지' 키워드: 3건 수집 완료
2025-07-12 02:40:32,199 - INFO - 🔍 키워드 '태양광' 검색 중...
2025-07-12 02:40:34,606 - INFO - ✅ '태양광' 키워드: 3건 수집 완료
2025-07-12 02:40:34,606 - INFO - 🔍 키워드 '풍력' 검색 중...
2025-07-12 02:40:38,378 - INFO - ✅ '풍력' 키워드: 3건 수집 완료
2025-07-12 02:40:38,378 - INFO - 🔍 키워드 'ESS' 검색 중...
2025-07-12 02:40:42,151 - INFO - ✅ 'ESS' 키워드: 3건 수집 완료
2025-07-12 02:40:42,151 - INFO - 📰 보험중개 카테고리 뉴스 수집 시작
2025-07-12 02:40:42,152 - INFO - 🔍 키워드 '보험중개' 검색 중...
2025-07-12 02:40:45,263 - INFO - ✅ '보험중개' 키워드: 3건 수집 완료
2025-07-12 02:40:45,264 - INFO - 🔍 키워드 '보험대리점' 검색 중...
2025-07-12 02:40:46,032 - INFO - ✅ '보험대리점' 키워드: 3건 수집 완료
2025-07-12 02:40:46,033 - INFO - 🔍 키워드 '보험영업' 검색 중...
2025-07-12 02:40:47,117 - INFO - ✅ '보험영업' 키워드: 3건 수집 완료
2025-07-12 02:40:47,118 - INFO - 🔍 키워드 '보험상품' 검색 중...
2025-07-12 02:40:48,333 - INFO - ✅ '보험상품' 키워드: 3건 수집 완료
2025-07-12 02:40:48,334 - INFO - 🎉 전체 수집 완료: 총 36건
2025-07-12 02:40:48,353 - INFO - 📄 기존 뉴스 42건 로드 완료
2025-07-12 02:40:48,354 - INFO - 🔄 중복 제거: 방위산업의 날 토론회 - 사진 | 멀티미디어 - 대한민국 정책브리핑
2025-07-12 02:40:48,354 - INFO - 🔄 중복 제거: [게시판] 방사청, 방위산업 혁신기업 투자설명회 - 연합뉴스
2025-07-12 02:40:48,355 - INFO - 🔄 중복 제거: ‘방위산업의 날’ 시민 페스티벌…블랙이글스 서울 상공에서 10∼12일 에어쇼 연습 - KBS 뉴스
2025-07-12 02:40:48,355 - INFO - 🔄 중복 제거: '尹격노설' 조준한 해병특검, 신범철 전 국방차관도 압수수색 - 연합뉴스
2025-07-12 02:40:48,356 - INFO - 🔄 중복 제거: 트럼프 승인 없이 우크라 무기지원 중단… 우방을 흔드는 美국방정책 ‘일방통행 맨’[지금, 이 사람] - 동아일보
2025-07-12 02:40:48,357 - INFO - 🔄 중복 제거: 민관군이 첨단기술로 함께 그리는 국방 장비관리의 미래 - 서울Pn
2025-07-12 02:40:48,358 - INFO - 🔄 중복 제거: [단독] "잠수함 수출 위해 G7 갔다"…K방산 세일즈맨 자처한 李 - 중앙일보
2025-07-12 02:40:48,358 - INFO - 🔄 중복 제거: 우리곁의 K-방산템 'FA-50' - 전체 | 카드/한컷 | 멀티미디어 - 대한민국 정책브리핑
2025-07-12 02:40:48,359 - INFO - 🔄 중복 제거: 김종일 삼양컴텍 대표, K방산 리더십 공로로 '동탑산업훈장' 영예 - 한국경제
2025-07-12 02:40:48,359 - INFO - 🔄 중복 제거: 조선·방산으로 산업화 열망 …"한국과 남미 군수 생산거점 만들길 원해" - 머니투데이
2025-07-12 02:40:48,360 - INFO - 🔄 중복 제거: [기자회견] 새 정부는 ‘방위산업의 날’ 폐지하고 평화정책으로 전환하라 - 참여연대
2025-07-12 02:40:48,361 - INFO - 🔄 중복 제거: 우크라, 전쟁 3년만에 군수산업 35배 팽창…무기 40% 자체 조달 - 연합뉴스
2025-07-12 02:40:48,363 - INFO - 🔄 중복 제거: 100% 신재생에너지 산단 만든다…李 "규제 제로" 검토 지시 - 중앙일보
2025-07-12 02:40:48,363 - INFO - 🔄 중복 제거: “추자해상풍력, 제주 본섬 신재생에너지 확대 계획에 부정적 영향” - 제주의소리
2025-07-12 02:40:48,363 - INFO - 🔄 중복 제거: [특징주] ‘RE100’ 시동거나… 신재생에너지株 강세 - Chosunbiz
2025-07-12 02:40:48,364 - INFO - 🔄 중복 제거: 7월 초순에 역대 4번째 최대전력피크…태양광에 구름끼면 블랙아웃 올 수도 - 에너지경제신문
2025-07-12 02:40:48,364 - INFO - 🔄 중복 제거: 정책 수혜 기대에 태양광 관련주 '들썩'…OCI홀딩스 14%↑ - 마켓인
2025-07-12 02:40:48,365 - INFO - 🔄 중복 제거: 경북도, 600㎿ 규모 영농형 태양광발전 단지 조성 - 뉴스1
2025-07-12 02:40:48,365 - INFO - 🔄 중복 제거: 트럼프가 막아도 구글이 산다…TSMC 위해 해상풍력 늘리는 대만 - 머니투데이
2025-07-12 02:40:48,366 - INFO - 🔄 중복 제거: 한전-한국해상풍력, ‘서남해 400MW 시범단지’ 성공 추진 위한 기술협력 - 전기신문
2025-07-12 02:40:48,366 - INFO - 🔄 중복 제거: 한전기술, 제주한림해상풍력 준공 후 현장 점검 - 네이트
2025-07-12 02:40:48,366 - INFO - 🔄 중복 제거: ‘윤곽 드러난 ESS 중앙계약시장’…韓 배터리 3사 경쟁 구도로 - 전기신문
2025-07-12 02:40:48,367 - INFO - 🔄 중복 제거: SK온, 북미 ESS용 LFP 배터리에 엘앤에프 양극재 쓴다 - 지디넷코리아
2025-07-12 02:40:48,367 - INFO - 🔄 중복 제거: SK온, '북미 ESS용 LFP 배터리' 사업 본격화 - 네이트
2025-07-12 02:40:48,368 - INFO - 🔄 중복 제거: 보험중개사, 어디로, 어떻게 가야 하나? - 한국공제보험신문
2025-07-12 02:40:48,368 - INFO - 🔄 중복 제거: “보험중개사 통해 일반보험 활성화해야”…보험학회, 보험중개제도 보완점 논의 - 청년일보
2025-07-12 02:40:48,369 - INFO - 🔄 중복 제거: LK보험중개, ‘A&G코리아보험중개’ 인수 - 해양한국
2025-07-12 02:40:48,369 - INFO - 🔄 중복 제거: 디지털 마케팅 기업 '쇼엠', 보험 대리점 영역 확장 나서 - 네이트
2025-07-12 02:40:48,370 - INFO - 🔄 중복 제거: 보험판매전문회사 첫발...GA설계사 자격시험 도입 추진 - 파이낸셜투데이
2025-07-12 02:40:48,370 - INFO - 🔄 중복 제거: 인카금융서비스, 독립 보험대리점 (GA) 브랜드평판 2025년 7월...1위 - 비욘드포스트
2025-07-12 02:40:48,371 - INFO - 🔄 중복 제거: [금융人사이드]'N잡러' 보험설계사에 도전하세요...'원더'가 도와줘요 - 아시아경제
2025-07-12 02:40:48,371 - INFO - 🔄 중복 제거: 삼성 턱밑까지 치고 온 한화…불붙은 생보사 '설계사 유치' 경쟁 - 전자신문
2025-07-12 02:40:48,371 - INFO - 🔄 중복 제거: 보험硏 "생명·손해·GA '통합 상호협정' 도입해 영업질서 확립해야" - 연합인포맥스
2025-07-12 02:40:48,372 - INFO - 🔄 중복 제거: [게시판] 롯데손보, 이륜차 '대물 최대 1억원' 시간제 보험 출시 - 연합뉴스
2025-07-12 02:40:48,372 - INFO - 🔄 중복 제거: 와이즈엔컨설팅, KB라이프에 보험상품 기초서류 통합 관리 시스템 공급 - 뉴스와이어
2025-07-12 02:40:48,373 - INFO - 🔄 중복 제거: 롯데손해보험 쿠팡이츠와 제휴, 배달파트너 대상 '고보장 시간제 보험' 출시 - 비즈니스포스트
2025-07-12 02:40:48,373 - INFO - ✨ 중복 제거 후: 0건
2025-07-12 02:40:48,374 - INFO - ℹ️ 새로운 뉴스가 없습니다. (모두 중복)
2025-07-12 10:23:46,860 - INFO - 🚀 Google News 수집 시작
2025-07-12 10:23:46,892 - INFO - 📋 수집 키워드: ['방위산업', '신재생에너지', '보험중개']
2025-07-12 10:23:46,893 - INFO - 📰 방위산업 카테고리 뉴스 수집 시작
2025-07-12 10:23:46,893 - INFO - 🔍 키워드 '방위산업' 검색 중...
2025-07-12 10:23:50,177 - INFO - ✅ '방위산업' 키워드: 3건 수집 완료
2025-07-12 10:23:50,178 - INFO - 🔍 키워드 '국방' 검색 중...
2025-07-12 10:23:53,528 - INFO - ✅ '국방' 키워드: 3건 수집 완료
2025-07-12 10:23:53,529 - INFO - 🔍 키워드 'K-방산' 검색 중...
2025-07-12 10:23:57,783 - INFO - ✅ 'K-방산' 키워드: 3건 수집 완료
2025-07-12 10:23:57,783 - INFO - 🔍 키워드 '군수산업' 검색 중...
2025-07-12 10:24:00,702 - INFO - ✅ '군수산업' 키워드: 3건 수집 완료
2025-07-12 10:24:00,703 - INFO - 📰 신재생에너지 카테고리 뉴스 수집 시작
2025-07-12 10:24:00,704 - INFO - 🔍 키워드 '신재생에너지' 검색 중...
2025-07-12 10:24:04,147 - INFO - ✅ '신재생에너지' 키워드: 3건 수집 완료
2025-07-12 10:24:04,147 - INFO - 🔍 키워드 '태양광' 검색 중...
2025-07-12 10:24:06,477 - INFO - ✅ '태양광' 키워드: 3건 수집 완료
2025-07-12 10:24:06,477 - INFO - 🔍 키워드 '풍력' 검색 중...
2025-07-12 10:24:08,588 - INFO - ✅ '풍력' 키워드: 3건 수집 완료
2025-07-12 10:24:08,589 - INFO - 🔍 키워드 'ESS' 검색 중...
2025-07-12 10:24:10,940 - INFO - ✅ 'ESS' 키워드: 3건 수집 완료
2025-07-12 10:24:10,940 - INFO - 📰 보험중개 카테고리 뉴스 수집 시작
2025-07-12 10:24:10,941 - INFO - 🔍 키워드 '보험중개' 검색 중...
2025-07-12 10:24:13,209 - INFO - ✅ '보험중개' 키워드: 3건 수집 완료
2025-07-12 10:24:13,209 - INFO - 🔍 키워드 '보험대리점' 검색 중...
2025-07-12 10:24:15,594 - INFO - ✅ '보험대리점' 키워드: 3건 수집 완료
2025-07-12 10:24:15,594 - INFO - 🔍 키워드 '보험영업' 검색 중...
2025-07-12 10:24:17,674 - INFO - ✅ '보험영업' 키워드: 3건 수집 완료
2025-07-12 10:24:17,675 - INFO - 🔍 키워드 '보험상품' 검색 중...
2025-07-12 10:24:23,469 - INFO - ✅ '보험상품' 키워드: 3건 수집 완료
2025-07-12 10:24:23,470 - INFO - 🎉 전체 수집 완료: 총 36건
2025-07-12 10:24:24,035 - INFO - 📄 기존 뉴스 42건 로드 완료
2025-07-12 10:24:24,036 - INFO - 🔄 중복 제거: 방위산업의 날 토론회 - 사진 | 멀티미디어 - 정책브리핑
2025-07-12 10:24:24,036 - INFO - 🔄 중복 제거: [게시판] 방사청, 방위산업 혁신기업 투자설명회 - 연합뉴스
2025-07-12 10:24:24,037 - INFO - 🔄 중복 제거: [단독] "잠수함 수출 위해 G7 갔다"…K방산 세일즈맨 자처한 李 - 중앙일보
2025-07-12 10:24:24,597 - INFO - 🔄 중복 제거: 조선·방산으로 산업화 열망 …"한국과 남미 군수 생산거점 만들길 원해" - 머니투데이
2025-07-12 10:24:25,686 - INFO - 🔄 중복 제거: [기자회견] 새 정부는 ‘방위산업의 날’ 폐지하고 평화정책으로 전환하라 - 참여연대
2025-07-12 10:24:25,686 - INFO - 🔄 중복 제거: 우크라, 전쟁 3년만에 군수산업 35배 팽창…무기 40% 자체 조달 - 연합뉴스
2025-07-12 10:24:25,687 - INFO - 🔄 중복 제거: 100% 신재생에너지 산단 만든다…李 "규제 제로" 검토 지시 - 중앙일보
2025-07-12 10:24:25,687 - INFO - 🔄 중복 제거: “추자해상풍력, 제주 본섬 신재생에너지 확대 계획에 부정적 영향” - 제주의소리
2025-07-12 10:24:25,688 - INFO - 🔄 중복 제거: 트럼프가 막아도 구글이 산다…TSMC 위해 해상풍력 늘리는 대만 - 머니투데이
2025-07-12 10:24:25,689 - INFO - 🔄 중복 제거: 한전-한국해상풍력, ‘서남해 400MW 시범단지’ 성공 추진 위한 기술협력 - 전기신문
2025-07-12 10:24:25,689 - INFO - 🔄 중복 제거: “추자해상풍력, 제주 본섬 신재생에너지 확대 계획에 부정적 영향” - 제주의소리
2025-07-12 10:24:25,689 - INFO - 🔄 중복 제거: ‘윤곽 드러난 ESS 중앙계약시장’…韓 배터리 3사 경쟁 구도로 - 전기신문
2025-07-12 10:24:26,312 - INFO - 🔄 중복 제거: SK온, '북미 ESS용 LFP 배터리' 사업 본격화 - 네이트 뉴스
2025-07-12 10:24:26,313 - INFO - 🔄 중복 제거: 보험중개사, 어디로, 어떻게 가야 하나? - 한국공제보험신문
2025-07-12 10:24:26,314 - INFO - 🔄 중복 제거: “보험중개사 통해 일반보험 활성화해야”…보험학회, 보험중개제도 보완점 논의 - 청년일보
2025-07-12 10:24:26,314 - INFO - 🔄 중복 제거: LK보험중개, ‘A&G코리아보험중개’ 인수 - 해양한국
2025-07-12 10:24:26,315 - INFO - 🔄 중복 제거: 디지털 마케팅 기업 '쇼엠', 보험 대리점 영역 확장 나서 - 네이트 뉴스
2025-07-12 10:24:26,315 - INFO - 🔄 중복 제거: 인카금융서비스, 독립 보험대리점 (GA) 브랜드평판 2025년 7월...1위 - 비욘드포스트
2025-07-12 10:24:26,316 - INFO - 🔄 중복 제거: 삼성 턱밑까지 치고 온 한화…불붙은 생보사 '설계사 유치' 경쟁 - 전자신문
2025-07-12 10:24:26,316 - INFO - 🔄 중복 제거: 보험硏 "생명·손해·GA '통합 상호협정' 도입해 영업질서 확립해야" - 연합인포맥스
2025-07-12 10:24:26,421 - INFO - 🔄 중복 제거: 와이즈엔컨설팅, KB라이프에 보험상품 기초서류 통합 관리 시스템 공급 - 뉴스와이어
2025-07-12 10:24:26,422 - INFO - ✨ 중복 제거 후: 15건
2025-07-12 10:24:26,789 - INFO - 💾 news_data.json에 57건 저장 완료
2025-07-12 10:24:26,790 - INFO - 🎯 성공: 새 뉴스 15건 추가
2025-07-12 10:24:26,790 - INFO - 📊 전체 뉴스: 57건
2025-07-12 10:24:26,796 - ERROR - ❌ 실행 중 오류 발생: 'cp949' codec can't encode character '\U0001f4f0' in position 0: illegal multibyte sequence
2025-07-12 10:33:21,181 - INFO - [START] Google News 수집 시작
2025-07-12 10:33:21,220 - INFO - [INFO] 수집 키워드: ['방위산업', '신재생에너지', '보험중개']
2025-07-12 10:33:21,221 - INFO - [NEWS] 방위산업 카테고리 뉴스 수집 시작
2025-07-12 10:33:21,221 - INFO - [SEARCH] 키워드 '방위산업' 검색 중...
2025-07-12 10:33:23,807 - INFO - [SUCCESS] '방위산업' 키워드: 3건 수집 완료
2025-07-12 10:33:23,808 - INFO - [SEARCH] 키워드 '국방' 검색 중...
2025-07-12 10:33:25,903 - INFO - [SUCCESS] '국방' 키워드: 3건 수집 완료
2025-07-12 10:33:25,904 - INFO - [SEARCH] 키워드 'K-방산' 검색 중...
2025-07-12 10:33:27,929 - INFO - [SUCCESS] 'K-방산' 키워드: 3건 수집 완료
2025-07-12 10:33:27,930 - INFO - [SEARCH] 키워드 '군수산업' 검색 중...
2025-07-12 10:33:30,137 - INFO - [SUCCESS] '군수산업' 키워드: 3건 수집 완료
2025-07-12 10:33:30,137 - INFO - [NEWS] 신재생에너지 카테고리 뉴스 수집 시작
2025-07-12 10:33:30,138 - INFO - [SEARCH] 키워드 '신재생에너지' 검색 중...
2025-07-12 10:33:31,961 - INFO - [SUCCESS] '신재생에너지' 키워드: 3건 수집 완료
2025-07-12 10:33:31,961 - INFO - [SEARCH] 키워드 '태양광' 검색 중...
2025-07-12 10:33:34,219 - INFO - [SUCCESS] '태양광' 키워드: 3건 수집 완료
2025-07-12 10:33:34,220 - INFO - [SEARCH] 키워드 '풍력' 검색 중...
2025-07-12 10:33:36,761 - INFO - [SUCCESS] '풍력' 키워드: 3건 수집 완료
2025-07-12 10:33:36,761 - INFO - [SEARCH] 키워드 'ESS' 검색 중...
2025-07-12 10:33:38,973 - INFO - [SUCCESS] 'ESS' 키워드: 3건 수집 완료
2025-07-12 10:33:38,974 - INFO - [NEWS] 보험중개 카테고리 뉴스 수집 시작
2025-07-12 10:33:38,974 - INFO - [SEARCH] 키워드 '보험중개' 검색 중...
2025-07-12 10:33:41,322 - INFO - [SUCCESS] '보험중개' 키워드: 3건 수집 완료
2025-07-12 10:33:41,322 - INFO - [SEARCH] 키워드 '보험대리점' 검색 중...
2025-07-12 10:33:45,929 - INFO - [SUCCESS] '보험대리점' 키워드: 3건 수집 완료
2025-07-12 10:33:45,930 - INFO - [SEARCH] 키워드 '보험영업' 검색 중...
2025-07-12 10:33:52,178 - INFO - [SUCCESS] '보험영업' 키워드: 3건 수집 완료
2025-07-12 10:33:52,179 - INFO - [SEARCH] 키워드 '보험상품' 검색 중...
2025-07-12 10:34:01,478 - INFO - [SUCCESS] '보험상품' 키워드: 3건 수집 완료
2025-07-12 10:34:01,481 - INFO - [COMPLETE] 전체 수집 완료: 총 36건
2025-07-12 10:34:01,627 - INFO - [INFO] 기존 뉴스 57건 로드 완료
2025-07-12 10:34:01,630 - INFO - [DUPLICATE] 중복 제거: 대통령이 지시한 '방산 4대 강국' 총괄할 컨트롤타워 구성은? - 뉴스1
2025-07-12 10:34:01,631 - INFO - [DUPLICATE] 중복 제거: 방위산업의 날 토론회 - 사진 | 멀티미디어 - 정책브리핑
2025-07-12 10:34:01,639 - INFO - [DUPLICATE] 중복 제거: [게시판] 방사청, 방위산업 혁신기업 투자설명회 - 연합뉴스
2025-07-12 10:34:01,639 - INFO - [DUPLICATE] 중복 제거: 국방 장비관리, 민·관·군이 첨단기술로 함께 그린다 - 뉴스1
2025-07-12 10:34:01,641 - INFO - [DUPLICATE] 중복 제거: '尹격노설' 조준한 해병특검, 신범철 전 국방차관도 압수수색 - 연합뉴스
2025-07-12 10:34:01,642 - INFO - [DUPLICATE] 중복 제거: 국방장관 직무대행, “수사 자료 폐기 금지…특검에 협조” 지시 - KBS 뉴스
2025-07-12 10:34:01,643 - INFO - [DUPLICATE] 중복 제거: [단독] "잠수함 수출 위해 G7 갔다"…K방산 세일즈맨 자처한 李 - 중앙일보
2025-07-12 10:34:01,646 - INFO - [DUPLICATE] 중복 제거: 美·유럽 신뢰 잃은 K-방산에 일본만 어부지리 - 주간동아
2025-07-12 10:34:01,647 - INFO - [DUPLICATE] 중복 제거: K-방산, 자부심을 넘어 미래로 도약합니다! - 카드/한컷 | 멀티미디어 - 정책브리핑
2025-07-12 10:34:01,648 - INFO - [DUPLICATE] 중복 제거: 조선·방산으로 산업화 열망 …"한국과 남미 군수 생산거점 만들길 원해" - 머니투데이
2025-07-12 10:34:01,650 - INFO - [DUPLICATE] 중복 제거: [기자회견] 새 정부는 ‘방위산업의 날’ 폐지하고 평화정책으로 전환하라 - 참여연대
2025-07-12 10:34:01,651 - INFO - [DUPLICATE] 중복 제거: 우크라, 전쟁 3년만에 군수산업 35배 팽창…무기 40% 자체 조달 - 연합뉴스
2025-07-12 10:34:01,658 - INFO - [DUPLICATE] 중복 제거: 100% 신재생에너지 산단 만든다…李 "규제 제로" 검토 지시 - 중앙일보
2025-07-12 10:34:01,658 - INFO - [DUPLICATE] 중복 제거: 고려아연, 지난해 사상 최대 신재생에너지 투자…5600億 - 페로타임즈
2025-07-12 10:34:01,659 - INFO - [DUPLICATE] 중복 제거: 미국, 태양광 세액공제 20년 만에 폐지…패널 설치 85% 줄어든다 - 글로벌이코노믹
2025-07-12 10:34:01,660 - INFO - [DUPLICATE] 중복 제거: 고수들 ‘태양광 이익개선 기대’ 한화솔루션 집중 매수 - 한국경제
2025-07-12 10:34:01,660 - INFO - [DUPLICATE] 중복 제거: 폭염에 전력수요 폭증…태양광 발전이 ‘블랙아웃’ 방어 - 경향신문
2025-07-12 10:34:01,661 - INFO - [DUPLICATE] 중복 제거: 트럼프가 막아도 구글이 산다…TSMC 위해 해상풍력 늘리는 대만 - 머니투데이
2025-07-12 10:34:01,661 - INFO - [DUPLICATE] 중복 제거: 한전-한국해상풍력, ‘서남해 400MW 시범단지’ 성공 추진 위한 기술협력 - 전기신문
2025-07-12 10:34:01,662 - INFO - [DUPLICATE] 중복 제거: “추자해상풍력, 제주 본섬 신재생에너지 확대 계획에 부정적 영향” - 제주의소리
2025-07-12 10:34:01,662 - INFO - [DUPLICATE] 중복 제거: ‘윤곽 드러난 ESS 중앙계약시장’…韓 배터리 3사 경쟁 구도로 - 전기신문
2025-07-12 10:34:01,664 - INFO - [DUPLICATE] 중복 제거: SK온, 엘앤에프와 맞손…북미 ESS용 LFP 배터리 사업 시동 - ebn.co.kr
2025-07-12 10:34:01,665 - INFO - [DUPLICATE] 중복 제거: SK온, '북미 ESS용 LFP 배터리' 사업 본격화 - 네이트 뉴스
2025-07-12 10:34:01,666 - INFO - [DUPLICATE] 중복 제거: 보험중개사, 어디로, 어떻게 가야 하나? - 한국공제보험신문
2025-07-12 10:34:01,667 - INFO - [DUPLICATE] 중복 제거: “보험중개사 통해 일반보험 활성화해야”…보험학회, 보험중개제도 보완점 논의 - 청년일보
2025-07-12 10:34:01,668 - INFO - [DUPLICATE] 중복 제거: LK보험중개, ‘A&G코리아보험중개’ 인수 - 해양한국
2025-07-12 10:34:01,669 - INFO - [DUPLICATE] 중복 제거: 디지털 마케팅 기업 '쇼엠', 보험 대리점 영역 확장 나서 - 네이트 뉴스
2025-07-12 10:34:01,669 - INFO - [DUPLICATE] 중복 제거: 인카금융서비스, 독립 보험대리점 (GA) 브랜드평판 2025년 7월...1위 - 비욘드포스트
2025-07-12 10:34:01,670 - INFO - [DUPLICATE] 중복 제거: [금융人사이드]'N잡러' 보험설계사에 도전하세요...'원더'가 도와줘요 - 아시아경제
2025-07-12 10:34:01,670 - INFO - [DUPLICATE] 중복 제거: 삼성 턱밑까지 치고 온 한화…불붙은 생보사 '설계사 유치' 경쟁 - 전자신문
2025-07-12 10:34:01,671 - INFO - [DUPLICATE] 중복 제거: 보험硏 "생명·손해·GA '통합 상호협정' 도입해 영업질서 확립해야" - 연합인포맥스
2025-07-12 10:34:01,671 - INFO - [DUPLICATE] 중복 제거: 와이즈엔컨설팅, KB라이프에 보험상품 기초서류 통합 관리 시스템 공급 - 뉴스와이어
2025-07-12 10:34:01,672 - INFO - [DUPLICATE] 중복 제거: 아이지넷, '보닥'으로 보험 인기상품 데이터 매주 제공 - 톱데일리
2025-07-12 10:34:01,673 - INFO - [DUPLICATE] 중복 제거: 흥국생명 “건강할수록 혜택 강화 보험상품 출시” - 이코노미사이언스
2025-07-12 10:34:01,673 - INFO - [INFO] 중복 제거 후: 2건
2025-07-12 10:34:02,793 - INFO - [SAVE] news_data.json에 59건 저장 완료
2025-07-12 10:34:02,794 - INFO - [SUCCESS] 성공: 새 뉴스 2건 추가
2025-07-12 10:34:02,794 - INFO - [INFO] 전체 뉴스: 59건
2025-07-12 10:36:12,054 - INFO - [START] Google News 수집 시작
2025-07-12 10:36:12,236 - INFO - [INFO] 수집 키워드: ['방위산업', '신재생에너지', '보험중개']
2025-07-12 10:36:12,237 - INFO - [NEWS] 방위산업 카테고리 뉴스 수집 시작
2025-07-12 10:36:12,237 - INFO - [SEARCH] 키워드 '방위산업' 검색 중...
2025-07-12 10:36:15,892 - INFO - [SUCCESS] '방위산업' 키워드: 3건 수집 완료
2025-07-12 10:36:15,892 - INFO - [SEARCH] 키워드 '국방' 검색 중...
2025-07-12 10:36:19,381 - INFO - [SUCCESS] '국방' 키워드: 3건 수집 완료
2025-07-12 10:36:19,382 - INFO - [SEARCH] 키워드 'K-방산' 검색 중...
2025-07-12 10:36:21,504 - INFO - [SUCCESS] 'K-방산' 키워드: 3건 수집 완료
2025-07-12 10:36:21,504 - INFO - [SEARCH] 키워드 '군수산업' 검색 중...
2025-07-12 10:36:24,916 - INFO - [SUCCESS] '군수산업' 키워드: 3건 수집 완료
2025-07-12 10:36:24,916 - INFO - [NEWS] 신재생에너지 카테고리 뉴스 수집 시작
2025-07-12 10:36:24,917 - INFO - [SEARCH] 키워드 '신재생에너지' 검색 중...
2025-07-12 10:36:29,824 - INFO - [SUCCESS] '신재생에너지' 키워드: 3건 수집 완료
2025-07-12 10:36:29,825 - INFO - [SEARCH] 키워드 '태양광' 검색 중...
2025-07-12 10:36:32,444 - INFO - [SUCCESS] '태양광' 키워드: 3건 수집 완료
2025-07-12 10:36:32,445 - INFO - [SEARCH] 키워드 '풍력' 검색 중...
2025-07-12 10:36:34,115 - INFO - [SUCCESS] '풍력' 키워드: 3건 수집 완료
2025-07-12 10:36:34,116 - INFO - [SEARCH] 키워드 'ESS' 검색 중...
2025-07-12 10:36:35,683 - INFO - [SUCCESS] 'ESS' 키워드: 3건 수집 완료
2025-07-12 10:36:35,684 - INFO - [NEWS] 보험중개 카테고리 뉴스 수집 시작
2025-07-12 10:36:35,684 - INFO - [SEARCH] 키워드 '보험중개' 검색 중...
2025-07-12 10:36:37,364 - INFO - [SUCCESS] '보험중개' 키워드: 3건 수집 완료
2025-07-12 10:36:37,364 - INFO - [SEARCH] 키워드 '보험대리점' 검색 중...
2025-07-12 10:36:39,587 - INFO - [SUCCESS] '보험대리점' 키워드: 3건 수집 완료
2025-07-12 10:36:39,588 - INFO - [SEARCH] 키워드 '보험영업' 검색 중...
2025-07-12 10:36:42,342 - INFO - [SUCCESS] '보험영업' 키워드: 3건 수집 완료
2025-07-12 10:36:42,353 - INFO - [SEARCH] 키워드 '보험상품' 검색 중...
2025-07-12 10:36:44,671 - INFO - [SUCCESS] '보험상품' 키워드: 3건 수집 완료
2025-07-12 10:36:44,672 - INFO - [COMPLETE] 전체 수집 완료: 총 36건
2025-07-12 10:36:44,676 - INFO - [INFO] 기존 뉴스 59건 로드 완료
2025-07-12 10:36:44,677 - INFO - [DUPLICATE] 중복 제거: 대통령이 지시한 '방산 4대 강국' 총괄할 컨트롤타워 구성은? - 뉴스1
2025-07-12 10:36:44,677 - INFO - [DUPLICATE] 중복 제거: 방위산업의 날 토론회 - 사진 | 멀티미디어 - 정책브리핑
2025-07-12 10:36:44,678 - INFO - [DUPLICATE] 중복 제거: [게시판] 방사청, 방위산업 혁신기업 투자설명회 - 연합뉴스
2025-07-12 10:36:44,678 - INFO - [DUPLICATE] 중복 제거: 국방 장비관리, 민·관·군이 첨단기술로 함께 그린다 - 뉴스1
2025-07-12 10:36:44,686 - INFO - [DUPLICATE] 중복 제거: '尹격노설' 조준한 해병특검, 신범철 전 국방차관도 압수수색 - 연합뉴스
2025-07-12 10:36:44,687 - INFO - [DUPLICATE] 중복 제거: 국방장관 직무대행, “수사 자료 폐기 금지…특검에 협조” 지시 - KBS 뉴스
2025-07-12 10:36:44,688 - INFO - [DUPLICATE] 중복 제거: [단독] "잠수함 수출 위해 G7 갔다"…K방산 세일즈맨 자처한 李 - 중앙일보
2025-07-12 10:36:44,689 - INFO - [DUPLICATE] 중복 제거: 美·유럽 신뢰 잃은 K-방산에 일본만 어부지리 - 주간동아
2025-07-12 10:36:44,689 - INFO - [DUPLICATE] 중복 제거: K-방산, 자부심을 넘어 미래로 도약합니다! - 전체 | 카드/한컷 - 정책브리핑
2025-07-12 10:36:44,689 - INFO - [DUPLICATE] 중복 제거: 조선·방산으로 산업화 열망 …"한국과 남미 군수 생산거점 만들길 원해" - 머니투데이
2025-07-12 10:36:44,690 - INFO - [DUPLICATE] 중복 제거: [기자회견] 새 정부는 ‘방위산업의 날’ 폐지하고 평화정책으로 전환하라 - 참여연대
2025-07-12 10:36:44,690 - INFO - [DUPLICATE] 중복 제거: 우크라, 전쟁 3년만에 군수산업 35배 팽창…무기 40% 자체 조달 - 연합뉴스
2025-07-12 10:36:44,690 - INFO - [DUPLICATE] 중복 제거: 100% 신재생에너지 산단 만든다…李 "규제 제로" 검토 지시 - 중앙일보
2025-07-12 10:36:44,690 - INFO - [DUPLICATE] 중복 제거: 고려아연, 지난해 사상 최대 신재생에너지 투자…5600億 - 페로타임즈
2025-07-12 10:36:44,691 - INFO - [DUPLICATE] 중복 제거: 보령시, 탄소중립 에너지전환 정책 실행력 강화 - 뉴시스
2025-07-12 10:36:44,691 - INFO - [DUPLICATE] 중복 제거: 미국, 태양광 세액공제 20년 만에 폐지…패널 설치 85% 줄어든다 - 글로벌이코노믹
2025-07-12 10:36:44,691 - INFO - [DUPLICATE] 중복 제거: 고수들 ‘태양광 이익개선 기대’ 한화솔루션 집중 매수 - 한국경제
2025-07-12 10:36:44,692 - INFO - [DUPLICATE] 중복 제거: 폭염에 전력수요 폭증…태양광 발전이 ‘블랙아웃’ 방어 - 경향신문
2025-07-12 10:36:44,692 - INFO - [DUPLICATE] 중복 제거: 트럼프가 막아도 구글이 산다…TSMC 위해 해상풍력 늘리는 대만 - 머니투데이
2025-07-12 10:36:44,692 - INFO - [DUPLICATE] 중복 제거: 한전-한국해상풍력, ‘서남해 400MW 시범단지’ 성공 추진 위한 기술협력 - 전기신문
2025-07-12 10:36:44,692 - INFO - [DUPLICATE] 중복 제거: “추자해상풍력, 제주 본섬 신재생에너지 확대 계획에 부정적 영향” - 제주의소리
2025-07-12 10:36:44,693 - INFO - [DUPLICATE] 중복 제거: ‘윤곽 드러난 ESS 중앙계약시장’…韓 배터리 3사 경쟁 구도로 - 전기신문
2025-07-12 10:36:44,693 - INFO - [DUPLICATE] 중복 제거: SK온, 엘앤에프와 맞손…북미 ESS용 LFP 배터리 사업 시동 - ebn.co.kr
2025-07-12 10:36:44,694 - INFO - [DUPLICATE] 중복 제거: SK온, '북미 ESS용 LFP 배터리' 사업 본격화 - 네이트 뉴스
2025-07-12 10:36:44,694 - INFO - [DUPLICATE] 중복 제거: 보험중개사, 어디로, 어떻게 가야 하나? - 한국공제보험신문
2025-07-12 10:36:44,694 - INFO - [DUPLICATE] 중복 제거: “보험중개사 통해 일반보험 활성화해야”…보험학회, 보험중개제도 보완점 논의 - 청년일보
2025-07-12 10:36:44,695 - INFO - [DUPLICATE] 중복 제거: LK보험중개, ‘A&G코리아보험중개’ 인수 - 해양한국
2025-07-12 10:36:44,695 - INFO - [DUPLICATE] 중복 제거: 디지털 마케팅 기업 '쇼엠', 보험 대리점 영역 확장 나서 - 네이트 뉴스
2025-07-12 10:36:44,696 - INFO - [DUPLICATE] 중복 제거: 인카금융서비스, 독립 보험대리점 (GA) 브랜드평판 2025년 7월...1위 - 비욘드포스트
2025-07-12 10:36:44,696 - INFO - [DUPLICATE] 중복 제거: 독립 보험대리점 2025년 7월 브랜드평판...인카금융서비스, 에이플러스에셋, 굿리치 順 - 에너지신문
2025-07-12 10:36:44,696 - INFO - [DUPLICATE] 중복 제거: [금융人사이드]'N잡러' 보험설계사에 도전하세요...'원더'가 도와줘요 - 아시아경제
2025-07-12 10:36:44,697 - INFO - [DUPLICATE] 중복 제거: 삼성 턱밑까지 치고 온 한화…불붙은 생보사 '설계사 유치' 경쟁 - 전자신문
2025-07-12 10:36:44,697 - INFO - [DUPLICATE] 중복 제거: 보험硏 "생명·손해·GA '통합 상호협정' 도입해 영업질서 확립해야" - 연합인포맥스
2025-07-12 10:36:44,698 - INFO - [DUPLICATE] 중복 제거: 와이즈엔컨설팅, KB라이프에 보험상품 기초서류 통합 관리 시스템 공급 - 뉴스와이어
2025-07-12 10:36:44,699 - INFO - [DUPLICATE] 중복 제거: 아이지넷, '보닥'으로 보험 인기상품 데이터 매주 제공 - 톱데일리
2025-07-12 10:36:44,699 - INFO - [DUPLICATE] 중복 제거: 흥국생명 “건강할수록 혜택 강화 보험상품 출시” - 이코노미사이언스
2025-07-12 10:36:44,699 - INFO - [INFO] 중복 제거 후: 0건
2025-07-12 10:36:44,700 - INFO - [INFO] 새로운 뉴스가 없습니다. (모두 중복)
2025-07-12 10:40:55,124 - INFO - [START] Google News 수집 시작
2025-07-12 10:40:55,143 - INFO - [INFO] 수집 키워드: ['방위산업', '신재생에너지', '보험중개']
2025-07-12 10:40:55,144 - INFO - [NEWS] 방위산업 카테고리 뉴스 수집 시작
2025-07-12 10:40:55,144 - INFO - [SEARCH] 키워드 '방위산업' 검색 중...
2025-07-12 10:40:57,854 - INFO - [SUCCESS] '방위산업' 키워드: 3건 수집 완료
2025-07-12 10:40:57,854 - INFO - [SEARCH] 키워드 '국방' 검색 중...
2025-07-12 10:41:00,547 - INFO - [SUCCESS] '국방' 키워드: 3건 수집 완료
2025-07-12 10:41:00,548 - INFO - [SEARCH] 키워드 'K-방산' 검색 중...
2025-07-12 10:41:02,882 - INFO - [SUCCESS] 'K-방산' 키워드: 3건 수집 완료
2025-07-12 10:41:02,883 - INFO - [SEARCH] 키워드 '군수산업' 검색 중...
2025-07-12 10:41:05,104 - INFO - [SUCCESS] '군수산업' 키워드: 3건 수집 완료
2025-07-12 10:41:05,104 - INFO - [NEWS] 신재생에너지 카테고리 뉴스 수집 시작
2025-07-12 10:41:05,104 - INFO - [SEARCH] 키워드 '신재생에너지' 검색 중...
2025-07-12 10:41:06,864 - INFO - [SUCCESS] '신재생에너지' 키워드: 3건 수집 완료
2025-07-12 10:41:06,865 - INFO - [SEARCH] 키워드 '태양광' 검색 중...
2025-07-12 10:41:08,773 - INFO - [SUCCESS] '태양광' 키워드: 3건 수집 완료
2025-07-12 10:41:08,773 - INFO - [SEARCH] 키워드 '풍력' 검색 중...
2025-07-12 10:41:11,100 - INFO - [SUCCESS] '풍력' 키워드: 3건 수집 완료
2025-07-12 10:41:11,101 - INFO - [SEARCH] 키워드 'ESS' 검색 중...
2025-07-12 10:41:12,986 - INFO - [SUCCESS] 'ESS' 키워드: 3건 수집 완료
2025-07-12 10:41:12,989 - INFO - [NEWS] 보험중개 카테고리 뉴스 수집 시작
2025-07-12 10:41:12,990 - INFO - [SEARCH] 키워드 '보험중개' 검색 중...
2025-07-12 10:41:17,596 - INFO - [SUCCESS] '보험중개' 키워드: 3건 수집 완료
2025-07-12 10:41:17,597 - INFO - [SEARCH] 키워드 '보험대리점' 검색 중...
2025-07-12 10:41:20,184 - INFO - [SUCCESS] '보험대리점' 키워드: 3건 수집 완료
2025-07-12 10:41:20,185 - INFO - [SEARCH] 키워드 '보험영업' 검색 중...
2025-07-12 10:41:22,420 - INFO - [SUCCESS] '보험영업' 키워드: 3건 수집 완료
2025-07-12 10:41:22,421 - INFO - [SEARCH] 키워드 '보험상품' 검색 중...
2025-07-12 10:41:24,511 - INFO - [SUCCESS] '보험상품' 키워드: 3건 수집 완료
2025-07-12 10:41:24,512 - INFO - [COMPLETE] 전체 수집 완료: 총 36건
2025-07-12 10:41:24,514 - INFO - [INFO] 기존 뉴스 59건 로드 완료
2025-07-12 10:41:24,514 - INFO - [DUPLICATE] 중복 제거: 대통령이 지시한 '방산 4대 강국' 총괄할 컨트롤타워 구성은? - 뉴스1
2025-07-12 10:41:24,515 - INFO - [DUPLICATE] 중복 제거: 방위산업의 날 토론회 - 사진 | 멀티미디어 - 정책브리핑
2025-07-12 10:41:24,515 - INFO - [DUPLICATE] 중복 제거: [게시판] 방사청, 방위산업 혁신기업 투자설명회 - 연합뉴스
2025-07-12 10:41:24,515 - INFO - [DUPLICATE] 중복 제거: 국방 장비관리, 민·관·군이 첨단기술로 함께 그린다 - 뉴스1
2025-07-12 10:41:24,515 - INFO - [DUPLICATE] 중복 제거: '尹격노설' 조준한 해병특검, 신범철 전 국방차관도 압수수색 - 연합뉴스
2025-07-12 10:41:24,516 - INFO - [DUPLICATE] 중복 제거: 국방장관 직무대행, 수사 자료 폐기 금지특검에 협조 지시 - KBS 뉴스
2025-07-12 10:41:24,516 - INFO - [DUPLICATE] 중복 제거: [단독] "잠수함 수출 위해 G7 갔다"K방산 세일즈맨 자처한 李 - 중앙일보
2025-07-12 10:41:24,516 - INFO - [DUPLICATE] 중복 제거: 美·유럽 신뢰 잃은 K-방산에 일본만 어부지리 - 주간동아
2025-07-12 10:41:24,516 - INFO - [DUPLICATE] 중복 제거: K-방산, 자부심을 넘어 미래로 도약합니다! - 전체 | 카드/한컷 - 정책브리핑
2025-07-12 10:41:24,517 - INFO - [DUPLICATE] 중복 제거: 조선·방산으로 산업화 열망 "한국과 남미 군수 생산거점 만들길 원해" - 머니투데이
2025-07-12 10:41:24,517 - INFO - [DUPLICATE] 중복 제거: [기자회견] 새 정부는 방위산업의 날 폐지하고 평화정책으로 전환하라 - 참여연대
2025-07-12 10:41:24,517 - INFO - [DUPLICATE] 중복 제거: 우크라, 전쟁 3년만에 군수산업 35배 팽창무기 40% 자체 조달 - 연합뉴스
2025-07-12 10:41:24,518 - INFO - [DUPLICATE] 중복 제거: 100% 신재생에너지 산단 만든다李 "규제 제로" 검토 지시 - 중앙일보
2025-07-12 10:41:24,518 - INFO - [DUPLICATE] 중복 제거: 고려아연, 지난해 사상 최대 신재생에너지 투자5600億 - 페로타임즈
2025-07-12 10:41:24,519 - INFO - [DUPLICATE] 중복 제거: 보령시, 탄소중립 에너지전환 정책 실행력 강화 - 뉴시스
2025-07-12 10:41:24,520 - INFO - [DUPLICATE] 중복 제거: 미국, 태양광 세액공제 20년 만에 폐지패널 설치 85% 줄어든다 - 글로벌이코노믹
2025-07-12 10:41:24,521 - INFO - [DUPLICATE] 중복 제거: 고수들 태양광 이익개선 기대 한화솔루션 집중 매수 - 한국경제
2025-07-12 10:41:24,522 - INFO - [DUPLICATE] 중복 제거: 폭염에 전력수요 폭증태양광 발전이 블랙아웃 방어 - 경향신문
2025-07-12 10:41:24,523 - INFO - [DUPLICATE] 중복 제거: 트럼프가 막아도 구글이 산다TSMC 위해 해상풍력 늘리는 대만 - 머니투데이
2025-07-12 10:41:24,523 - INFO - [DUPLICATE] 중복 제거: 한전-한국해상풍력, 서남해 400MW 시범단지 성공 추진 위한 기술협력 - 전기신문
2025-07-12 10:41:24,523 - INFO - [DUPLICATE] 중복 제거: 추자해상풍력, 제주 본섬 신재생에너지 확대 계획에 부정적 영향 - 제주의소리
2025-07-12 10:41:24,524 - INFO - [DUPLICATE] 중복 제거: 윤곽 드러난 ESS 중앙계약시장韓 배터리 3사 경쟁 구도로 - 전기신문
2025-07-12 10:41:24,524 - INFO - [DUPLICATE] 중복 제거: SK온, 엘앤에프와 맞손북미 ESS용 LFP 배터리 사업 시동 - ebn.co.kr
2025-07-12 10:41:24,530 - INFO - [DUPLICATE] 중복 제거: SK온, '북미 ESS용 LFP 배터리' 사업 본격화 - 네이트 뉴스
2025-07-12 10:41:24,531 - INFO - [DUPLICATE] 중복 제거: 보험중개사, 어디로, 어떻게 가야 하나? - 한국공제보험신문
2025-07-12 10:41:24,532 - INFO - [DUPLICATE] 중복 제거: 보험중개사 통해 일반보험 활성화해야보험학회, 보험중개제도 보완점 논의 - 청년일보
2025-07-12 10:41:24,534 - INFO - [DUPLICATE] 중복 제거: LK보험중개, A&G코리아보험중개 인수 - 해양한국
2025-07-12 10:41:24,534 - INFO - [DUPLICATE] 중복 제거: 디지털 마케팅 기업 '쇼엠', 보험 대리점 영역 확장 나서 - 네이트 뉴스
2025-07-12 10:41:24,537 - INFO - [DUPLICATE] 중복 제거: 인카금융서비스, 독립 보험대리점 (GA) 브랜드평판 2025년 7월...1위 - 비욘드포스트
2025-07-12 10:41:24,538 - INFO - [DUPLICATE] 중복 제거: 한화생명금융서비스 법인보험대리점 IFC그룹 인수, 영남권 영업망 확대 - 비즈니스포스트
2025-07-12 10:41:24,538 - INFO - [DUPLICATE] 중복 제거: [금융人사이드]'N잡러' 보험설계사에 도전하세요...'원더'가 도와줘요 - 아시아경제
2025-07-12 10:41:24,538 - INFO - [DUPLICATE] 중복 제거: 삼성 턱밑까지 치고 온 한화불붙은 생보사 '설계사 유치' 경쟁 - 전자신문
2025-07-12 10:41:24,539 - INFO - [DUPLICATE] 중복 제거: 보험硏 "생명·손해·GA '통합 상호협정' 도입해 영업질서 확립해야" - 연합인포맥스
2025-07-12 10:41:24,539 - INFO - [DUPLICATE] 중복 제거: 와이즈엔컨설팅, KB라이프에 보험상품 기초서류 통합 관리 시스템 공급 - 뉴스와이어
2025-07-12 10:41:24,539 - INFO - [DUPLICATE] 중복 제거: 아이지넷, '보닥'으로 보험 인기상품 데이터 매주 제공 - 톱데일리
2025-07-12 10:41:24,540 - INFO - [DUPLICATE] 중복 제거: 흥국생명 건강할수록 혜택 강화 보험상품 출시 - 이코노미사이언스
2025-07-12 10:41:24,540 - INFO - [INFO] 중복 제거 후: 0건
2025-07-12 10:41:24,540 - INFO - [INFO] 새로운 뉴스가 없습니다. (모두 중복)
